This is pdfTeX, Version 3.14159265-2.6-1.40.19 (TeX Live 2018) (preloaded format=pdflatex 2019.3.29)  15 MAY 2019 19:35
entering extended mode
 restricted \write18 enabled.
 file:line:error style messages enabled.
 %&-line parsing enabled.
**\nonstopmode\nofiles\PassOptionsToPackage{active,tightpage,auctex}{preview}\AtBeginDocument{\ifx\ifPreview\undefined\RequirePackage[displaymath,floats,graphics,textmath,sections,footnotes]{preview}[2004/11/05]\fi} \input {\detokenize{ _region_.tex }}
(./_region_.tex  !name(ch9_convnets.tex) (/home/michael/.TinyTeX/texmf-dist/tex/latex/base/report.cls
Document Class: report 2018/09/03 v1.4i Standard LaTeX document class
(/home/michael/.TinyTeX/texmf-dist/tex/latex/base/size12.clo
File: size12.clo 2018/09/03 v1.4i Standard LaTeX file (size option)
)
\c@part=\count80
\c@chapter=\count81
\c@section=\count82
\c@subsection=\count83
\c@subsubsection=\count84
\c@paragraph=\count85
\c@subparagraph=\count86
\c@figure=\count87
\c@table=\count88
\abovecaptionskip=\skip41
\belowcaptionskip=\skip42
\bibindent=\dimen102
) (/home/michael/.TinyTeX/texmf-dist/tex/latex/graphics/graphicx.sty
Package: graphicx 2017/06/01 v1.1a Enhanced LaTeX Graphics (DPC,SPQR)
 (/home/michael/.TinyTeX/texmf-dist/tex/latex/graphics/keyval.sty
Package: keyval 2014/10/28 v1.15 key=value parser (DPC)
\KV@toks@=\toks14
) (/home/michael/.TinyTeX/texmf-dist/tex/latex/graphics/graphics.sty
Package: graphics 2017/06/25 v1.2c Standard LaTeX Graphics (DPC,SPQR)
 (/home/michael/.TinyTeX/texmf-dist/tex/latex/graphics/trig.sty
Package: trig 2016/01/03 v1.10 sin cos tan (DPC)
) (/home/michael/.TinyTeX/texmf-dist/tex/latex/graphics-cfg/graphics.cfg
File: graphics.cfg 2016/06/04 v1.11 sample graphics configuration
)
Package graphics Info: Driver file: pdftex.def on input line 99.
 (/home/michael/.TinyTeX/texmf-dist/tex/latex/graphics-def/pdftex.def
File: pdftex.def 2018/01/08 v1.0l Graphics/color driver for pdftex
))
\Gin@req@height=\dimen103
\Gin@req@width=\dimen104
) (/home/michael/.TinyTeX/texmf-dist/tex/latex/hyperref/hyperref.sty
Package: hyperref 2018/11/30 v6.88e Hypertext links for LaTeX
 (/home/michael/.TinyTeX/texmf-dist/tex/generic/oberdiek/hobsub-hyperref.sty
Package: hobsub-hyperref 2016/05/16 v1.14 Bundle oberdiek, subset hyperref (HO)
 (/home/michael/.TinyTeX/texmf-dist/tex/generic/oberdiek/hobsub-generic.sty
Package: hobsub-generic 2016/05/16 v1.14 Bundle oberdiek, subset generic (HO)
Package: hobsub 2016/05/16 v1.14 Construct package bundles (HO)
Package: infwarerr 2016/05/16 v1.4 Providing info/warning/error messages (HO)
Package: ltxcmds 2016/05/16 v1.23 LaTeX kernel commands for general use (HO)
Package: ifluatex 2016/05/16 v1.4 Provides the ifluatex switch (HO)
Package ifluatex Info: LuaTeX not detected.
Package: ifvtex 2016/05/16 v1.6 Detect VTeX and its facilities (HO)
Package ifvtex Info: VTeX not detected.
Package: intcalc 2016/05/16 v1.2 Expandable calculations with integers (HO)
Package: ifpdf 2018/09/07 v3.3 Provides the ifpdf switch
Package: etexcmds 2016/05/16 v1.6 Avoid name clashes with e-TeX commands (HO)
Package etexcmds Info: Could not find \expanded.
(etexcmds)             That can mean that you are not using pdfTeX 1.50 or
(etexcmds)             that some package has redefined \expanded.
(etexcmds)             In the latter case, load this package earlier.
Package: kvsetkeys 2016/05/16 v1.17 Key value parser (HO)
Package: kvdefinekeys 2016/05/16 v1.4 Define keys (HO)
Package: pdftexcmds 2018/09/10 v0.29 Utility functions of pdfTeX for LuaTeX (HO)
Package pdftexcmds Info: LuaTeX not detected.
Package pdftexcmds Info: \pdf@primitive is available.
Package pdftexcmds Info: \pdf@ifprimitive is available.
Package pdftexcmds Info: \pdfdraftmode found.
Package: pdfescape 2016/05/16 v1.14 Implements pdfTeX's escape features (HO)
Package: bigintcalc 2016/05/16 v1.4 Expandable calculations on big integers (HO)
Package: bitset 2016/05/16 v1.2 Handle bit-vector datatype (HO)
Package: uniquecounter 2016/05/16 v1.3 Provide unlimited unique counter (HO)
)
Package hobsub Info: Skipping package `hobsub' (already loaded).
Package: letltxmacro 2016/05/16 v1.5 Let assignment for LaTeX macros (HO)
Package: hopatch 2016/05/16 v1.3 Wrapper for package hooks (HO)
Package: xcolor-patch 2016/05/16 xcolor patch
Package: atveryend 2016/05/16 v1.9 Hooks at the very end of document (HO)
Package atveryend Info: \enddocument detected (standard20110627).
Package: atbegshi 2016/06/09 v1.18 At begin shipout hook (HO)
Package: refcount 2016/05/16 v3.5 Data extraction from label references (HO)
Package: hycolor 2016/05/16 v1.8 Color options for hyperref/bookmark (HO)
) (/home/michael/.TinyTeX/texmf-dist/tex/generic/ifxetex/ifxetex.sty
Package: ifxetex 2010/09/12 v0.6 Provides ifxetex conditional
) (/home/michael/.TinyTeX/texmf-dist/tex/latex/oberdiek/auxhook.sty
Package: auxhook 2016/05/16 v1.4 Hooks for auxiliary files (HO)
) (/home/michael/.TinyTeX/texmf-dist/tex/latex/oberdiek/kvoptions.sty
Package: kvoptions 2016/05/16 v3.12 Key value format for package options (HO)
)
\@linkdim=\dimen105
\Hy@linkcounter=\count89
\Hy@pagecounter=\count90
 (/home/michael/.TinyTeX/texmf-dist/tex/latex/hyperref/pd1enc.def
File: pd1enc.def 2018/11/30 v6.88e Hyperref: PDFDocEncoding definition (HO)
Now handling font encoding PD1 ...
... no UTF-8 mapping file for font encoding PD1
)
\Hy@SavedSpaceFactor=\count91

(/home/michael/.TinyTeX/texmf-dist/tex/latex/latexconfig/hyperref.cfg
File: hyperref.cfg 2002/06/06 v1.2 hyperref configuration of TeXLive
)
Package hyperref Info: Hyper figures OFF on input line 4519.
Package hyperref Info: Link nesting OFF on input line 4524.
Package hyperref Info: Hyper index ON on input line 4527.
Package hyperref Info: Plain pages OFF on input line 4534.
Package hyperref Info: Backreferencing OFF on input line 4539.
Package hyperref Info: Implicit mode ON; LaTeX internals redefined.
Package hyperref Info: Bookmarks ON on input line 4772.
\c@Hy@tempcnt=\count92
 (/home/michael/.TinyTeX/texmf-dist/tex/latex/url/url.sty
\Urlmuskip=\muskip10
Package: url 2013/09/16  ver 3.4  Verb mode for urls, etc.
)
LaTeX Info: Redefining \url on input line 5125.
\XeTeXLinkMargin=\dimen106
\Fld@menulength=\count93
\Field@Width=\dimen107
\Fld@charsize=\dimen108
Package hyperref Info: Hyper figures OFF on input line 6380.
Package hyperref Info: Link nesting OFF on input line 6385.
Package hyperref Info: Hyper index ON on input line 6388.
Package hyperref Info: backreferencing OFF on input line 6395.
Package hyperref Info: Link coloring OFF on input line 6400.
Package hyperref Info: Link coloring with OCG OFF on input line 6405.
Package hyperref Info: PDF/A mode OFF on input line 6410.
LaTeX Info: Redefining \ref on input line 6450.
LaTeX Info: Redefining \pageref on input line 6454.
\Hy@abspage=\count94
\c@Item=\count95
\c@Hfootnote=\count96
)
Package hyperref Info: Driver (autodetected): hpdftex.
 (/home/michael/.TinyTeX/texmf-dist/tex/latex/hyperref/hpdftex.def
File: hpdftex.def 2018/11/30 v6.88e Hyperref driver for pdfTeX
\Fld@listcount=\count97
\c@bookmark@seq@number=\count98
 (/home/michael/.TinyTeX/texmf-dist/tex/latex/oberdiek/rerunfilecheck.sty
Package: rerunfilecheck 2016/05/16 v1.8 Rerun checks for auxiliary files (HO)
Package uniquecounter Info: New unique counter `rerunfilecheck' on input line 282.
)
\Hy@SectionHShift=\skip43
)
No file _region_.aux.
LaTeX Font Info:    Checking defaults for OML/cmm/m/it on input line 7.
LaTeX Font Info:    ... okay on input line 7.
LaTeX Font Info:    Checking defaults for T1/cmr/m/n on input line 7.
LaTeX Font Info:    ... okay on input line 7.
LaTeX Font Info:    Checking defaults for OT1/cmr/m/n on input line 7.
LaTeX Font Info:    ... okay on input line 7.
LaTeX Font Info:    Checking defaults for OMS/cmsy/m/n on input line 7.
LaTeX Font Info:    ... okay on input line 7.
LaTeX Font Info:    Checking defaults for OMX/cmex/m/n on input line 7.
LaTeX Font Info:    ... okay on input line 7.
LaTeX Font Info:    Checking defaults for U/cmr/m/n on input line 7.
LaTeX Font Info:    ... okay on input line 7.
LaTeX Font Info:    Checking defaults for PD1/pdf/m/n on input line 7.
LaTeX Font Info:    ... okay on input line 7.
(/home/michael/.emacs.d/elpa/auctex-12.1.2/latex/preview.sty
Package: preview 2017/04/24 12.1 (AUCTeX/preview-latex)
 (/home/michael/.emacs.d/elpa/auctex-12.1.2/latex/prtightpage.def
\PreviewBorder=\dimen109
) (/home/michael/.emacs.d/elpa/auctex-12.1.2/latex/prauctex.def
No auxiliary output files.


\hbadness=\count99
\hfuzz=\dimen110
(/home/michael/.emacs.d/elpa/auctex-12.1.2/latex/prauctex.cfg)) (/home/michael/.emacs.d/elpa/auctex-12.1.2/latex/prfootnotes.def)
\pr@snippet=\count100
\pr@box=\box27
\pr@output=\toks15

Preview: Fontsize 12pt
Preview: PDFoutput 1
) (/home/michael/.TinyTeX/texmf-dist/tex/latex/oberdiek/epstopdf-base.sty
Package: epstopdf-base 2016/05/15 v2.6 Base part for package epstopdf
 (/home/michael/.TinyTeX/texmf-dist/tex/latex/oberdiek/grfext.sty
Package: grfext 2016/05/16 v1.2 Manage graphics extensions (HO)
)
Package epstopdf-base Info: Redefining graphics rule for `.eps' on input line 438.
Package grfext Info: Graphics extension search list:
(grfext)             [.pdf,.png,.jpg,.mps,.jpeg,.jbig2,.jb2,.PDF,.PNG,.JPG,.JPEG,.JBIG2,.JB2,.eps]
(grfext)             \AppendGraphicsExtensions on input line 456.
 (/home/michael/.TinyTeX/texmf-dist/tex/latex/latexconfig/epstopdf-sys.cfg
File: epstopdf-sys.cfg 2010/07/13 v1.3 Configuration of (r)epstopdf for TeX Live
))
\AtBeginShipoutBox=\box28
Package hyperref Info: Link coloring OFF on input line 7.
 (/home/michael/.TinyTeX/texmf-dist/tex/latex/hyperref/nameref.sty
Package: nameref 2016/05/21 v2.44 Cross-referencing by name of section
 (/home/michael/.TinyTeX/texmf-dist/tex/generic/oberdiek/gettitlestring.sty
Package: gettitlestring 2016/05/16 v1.5 Cleanup title references (HO)
)
\c@section@level=\count101
)
LaTeX Info: Redefining \ref on input line 7.
LaTeX Info: Redefining \pageref on input line 7.
LaTeX Info: Redefining \nameref on input line 7.
  !name(ch9_convnets.tex) !offset(211) 

./_region_.tex:23: LaTeX Error: \begin{document} ended by \end{quote}.

See the LaTeX manual or LaTeX Companion for explanation.
Type  H <return>  for immediate help.
 ...                                              
                                                  
l.23 \end{quote}
                
Your command was ignored.
Type  I <command> <return>  to replace it with another command,
or  <return>  to continue without it.

./_region_.tex:23: Extra \endgroup.
<recently read> \endgroup 
                          
l.23 \end{quote}
                
Things are pretty mixed up, but I think the worst is over.

./_region_.tex:25: Preview: Snippet 1 started.
<-><->
      
l.25 \section
             {Variants of the Basic Convolution Function}
Not a real error.

Preview: Tightpage -32891 -32891 32891 32891
./_region_.tex:25: Preview: Snippet 1 ended.(2228223+0x25559040).
<-><->
      
l.25 ...ariants of the Basic Convolution Function}
                                                  
Not a real error.

[1{/home/michael/.TinyTeX/texmf-var/fonts/map/pdftex/updmap/pdftex.map}

]
./_region_.tex:27: Preview: Snippet 2 started.
<-><->
      
l.27 Assume we have a 4D kernel tensor $
                                        K$ with element $K_{i, j, k, l}$ giv...
Not a real error.

LaTeX Font Info:    External font `cmex10' loaded for size
(Font)              <12> on input line 27.
LaTeX Font Info:    External font `cmex10' loaded for size
(Font)              <8> on input line 27.
LaTeX Font Info:    External font `cmex10' loaded for size
(Font)              <6> on input line 27.
./_region_.tex:27: Preview: Snippet 2 ended.(537395+0x711606).
<-><->
      
l.27 Assume we have a 4D kernel tensor $K$
                                           with element $K_{i, j, k, l}$ giv...
Not a real error.

[2]
./_region_.tex:27: Preview: Snippet 3 started.
<-><->
      
l.27 ...have a 4D kernel tensor $K$ with element $
                                                  K_{i, j, k, l}$ giving the...
Not a real error.

./_region_.tex:27: Preview: Snippet 3 ended.(537395+219909x2042830).
<-><->
      
l.27 ...l tensor $K$ with element $K_{i, j, k, l}$
                                                   giving the connection str...
Not a real error.

[3]
./_region_.tex:27: Preview: Snippet 4 started.
<-><->
      
l.27 ...sume our input consists of observed data $
                                                  V$ with element $V_{i,j,k}...
Not a real error.

./_region_.tex:27: Preview: Snippet 4 ended.(537395+0x620037).
<-><->
      
l.27 ...me our input consists of observed data $V$
                                                   with element $V_{i,j,k}$ ...
Not a real error.

[4]
./_region_.tex:27: Preview: Snippet 5 started.
<-><->
      
l.27 ...nsists of observed data $V$ with element $
                                                  V_{i,j,k}$ giving the valu...
Not a real error.

./_region_.tex:27: Preview: Snippet 5 ended.(537395+219909x1509391).
<-><->
      
l.27 ...observed data $V$ with element $V_{i,j,k}$
                                                   giving the value of the i...
Not a real error.

[5]
./_region_.tex:27: Preview: Snippet 6 started.
<-><->
      
l.27 ... column k. Assume our output consists of $
                                                  Z$ with the same format as...
Not a real error.

./_region_.tex:27: Preview: Snippet 6 ended.(537395+0x583538).
<-><->
      
l.27 ...olumn k. Assume our output consists of $Z$
                                                   with the same format as $...
Not a real error.

[6]
./_region_.tex:27: Preview: Snippet 7 started.
<-><->
      
l.27 ... consists of $Z$ with the same format as $
                                                  V$. If $Z$ is produced by ...
Not a real error.

./_region_.tex:27: Preview: Snippet 7 ended.(537395+0x620037).
<-><->
      
l.27 ...onsists of $Z$ with the same format as $V$
                                                  . If $Z$ is produced by co...
Not a real error.

[7]
./_region_.tex:27: Preview: Snippet 8 started.
<-><->
      
l.27 ...s of $Z$ with the same format as $V$. If $
                                                  Z$ is produced by convolvi...
Not a real error.

./_region_.tex:27: Preview: Snippet 8 ended.(537395+0x583538).
<-><->
      
l.27 ...of $Z$ with the same format as $V$. If $Z$
                                                   is produced by convolving...
Not a real error.

[8]
./_region_.tex:27: Preview: Snippet 9 started.
<-><->
      
l.27 ...as $V$. If $Z$ is produced by convolving $
                                                  K$ across $V$ without flip...
Not a real error.

./_region_.tex:27: Preview: Snippet 9 ended.(537395+0x711606).
<-><->
      
l.27 ... $V$. If $Z$ is produced by convolving $K$
                                                   across $V$ without flippi...
Not a real error.

[9]
./_region_.tex:27: Preview: Snippet 10 started.
<-><->
      
l.27 ...$Z$ is produced by convolving $K$ across $
                                                  V$ without flipping $K$, then
Not a real error.

./_region_.tex:27: Preview: Snippet 10 ended.(537395+0x620037).
<-><->
      
l.27 ...$ is produced by convolving $K$ across $V$
                                                   without flipping $K$, then
Not a real error.

[10]
./_region_.tex:27: Preview: Snippet 11 started.
<-><->
      
l.27 ...nvolving $K$ across $V$ without flipping $
                                                  K$, then
Not a real error.

./_region_.tex:27: Preview: Snippet 11 ended.(537395+0x711606).
<-><->
      
l.27 ...olving $K$ across $V$ without flipping $K$
                                                  , then
Not a real error.

[11]
./_region_.tex:30: Preview: Snippet 12 started.
<-><->
      
l.30   $
        Z_{i, j, k} = \sum\limits_{l,m,n} V_{l, j+m-1}K_{i,l,m,n}$
Not a real error.

./_region_.tex:30: Preview: Snippet 12 ended.(537395+771872x9114361).
<-><->
      
l.30 ...um\limits_{l,m,n} V_{l, j+m-1}K_{i,l,m,n}$
                                                  
Not a real error.

[12]
./_region_.tex:33: Preview: Snippet 13 started.
<-><->
      
l.33 ...unction. If we wish to sample only every $
                                                  s$ pixels in each directio...
Not a real error.

./_region_.tex:33: Preview: Snippet 13 ended.(338603+0x362721).
<-><->
      
l.33 ...ction. If we wish to sample only every $s$
                                                   pixels in each direction ...
Not a real error.

[13]
./_region_.tex:36: Preview: Snippet 14 started.
<-><->
      
l.36   $
        Z_{i, j, k} = c(K, V, s)_{i, j, k} = \sum\limits_{l, m, n}[V_{l, (j-...
Not a real error.

./_region_.tex:36: Preview: Snippet 14 ended.(589824+771872x18841010).
<-><->
      
l.36 ...s s + m, (k-1) \times s+n}K_{i, l, m, n}]$
                                                  
Not a real error.

[14]  !name(ch9_convnets.tex) !offset(211) 

./_region_.tex:39: LaTeX Error: \begin{center} on input line 35 ended by \end{document}.

See the LaTeX manual or LaTeX Companion for explanation.
Type  H <return>  for immediate help.
 ...                                              
                                                  
l.39 \end{document}
                   
Your command was ignored.
Type  I <command> <return>  to replace it with another command,
or  <return>  to continue without it.

Package atveryend Info: Empty hook `BeforeClearDocument' on input line 39.
Package atveryend Info: Empty hook `AfterLastShipout' on input line 39.
Package atveryend Info: Executing hook `AtVeryEndDocument' on input line 39.
Package atveryend Info: Empty hook `AtEndAfterFileList' on input line 39.
Package atveryend Info: Empty hook `AtVeryVeryEnd' on input line 39.
 )
(\end occurred inside a group at level 1)

### semi simple group (level 1) entered at line 35 (\begingroup)
### bottom level 
Here is how much of TeX's memory you used:
 4852 strings out of 494562
 72713 string characters out of 6177813
 157149 words of memory out of 5000000
 8497 multiletter control sequences out of 15000+600000
 6982 words of font info for 25 fonts, out of 8000000 for 9000
 14 hyphenation exceptions out of 8191
 29i,4n,29p,815b,397s stack positions out of 5000i,500n,10000p,200000b,80000s
</home/michael/.TinyTeX/texmf-dist/fonts/type1/public/amsfonts/cm/cmbx12.pfb></home/michael/.TinyTeX/texmf-dist/fonts/type1/public/amsfonts/cm/cmex10.pfb></home/michael/.TinyTeX/texmf-dist/fonts/type1/public/amsfonts/cm/cmmi12.pfb></home/michael/.TinyTeX/texmf-dist/fonts/type1/public/amsfonts/cm/cmmi8.pfb></home/michael/.TinyTeX/texmf-dist/fonts/type1/public/amsfonts/cm/cmr12.pfb></home/michael/.TinyTeX/texmf-dist/fonts/type1/public/amsfonts/cm/cmr8.pfb></home/michael/.TinyTeX/texmf-dist/fonts/type1/public/amsfonts/cm/cmsy8.pfb>
Output written on _region_.pdf (14 pages, 62373 bytes).
PDF statistics:
 82 PDF objects out of 1000 (max. 8388607)
 58 compressed objects within 1 object stream
 1 named destinations out of 1000 (max. 500000)
 1 words of extra memory for PDF output out of 10000 (max. 10000000)

