This is pdfTeX, Version 3.14159265-2.6-1.40.19 (TeX Live 2018) (preloaded format=pdflatex 2019.3.29)  14 MAY 2019 18:16
entering extended mode
 restricted \write18 enabled.
 %&-line parsing enabled.
**&pdflatex prv_ch9_convnets.ini \nonstopmode\nofiles\PassOptionsToPackage{active,tightpage,auctex}{preview}\AtBeginDocument{\ifx\ifPreview\undefined\RequirePackage[displaymath,floats,graphics,textmath,sections,footnotes]{preview}[2004/11/05]\fi} \input {\detokenize{ ch9_convnets.tex }}
(./prv_ch9_convnets.ini
LaTeX2e <2018-12-01>
! I can't find file `mylatex.ltx'.
l.5 \let\dump\PREVIEWdump\dump}\input mylatex.ltx 
                                                  \relax%
(Press Enter to retry, or Control-D to exit)
Please type another input file name
! Emergency stop.
l.5 \let\dump\PREVIEWdump\dump}\input mylatex.ltx 
                                                  \relax%
*** (job aborted, file error in nonstop mode)

 
Here is how much of TeX's memory you used:
 9 strings out of 494562
 201 string characters out of 6177813
 52027 words of memory out of 5000000
 3769 multiletter control sequences out of 15000+600000
 3640 words of font info for 14 fonts, out of 8000000 for 9000
 14 hyphenation exceptions out of 8191
 5i,0n,3p,407b,8s stack positions out of 5000i,500n,10000p,200000b,80000s
!  ==> Fatal error occurred, no output PDF file produced!
